<?xml version="1.0" encoding="UTF-8"?>
<!-- Generated by org.testng.reporters.JUnitReportReporter -->
<testsuite hostname="LAPTOP-5SF9L84S" failures="0" tests="15" name="testcases.ImmigrationTest" time="12.742" errors="1" timestamp="2023-09-08T18:45:21 IST" skipped="14">
  <testcase classname="testcases.ImmigrationTest" name="setup" time="12.742">
    <error message="Unable to locate element: *[name=&#039;username&#039;]
For documentation on this error, please visit: https://selenium.dev/exceptions/#no_such_element
Build info: version: &#039;4.9.0&#039;, revision: &#039;d7057100a6&#039;
System info: os.name: &#039;Windows 11&#039;, os.arch: &#039;amd64&#039;, os.version: &#039;10.0&#039;, java.version: &#039;17.0.4.1&#039;
Driver info: org.openqa.selenium.firefox.FirefoxDriver
Command: [b76238a6-8315-43a6-9736-2f9c45a6639a, findElement {using=name, value=username}]
Capabilities {acceptInsecureCerts: true, browserName: firefox, browserVersion: 117.0, moz:accessibilityChecks: false, moz:buildID: 20230824132758, moz:debuggerAddress: 127.0.0.1:14832, moz:geckodriverVersion: 0.33.0, moz:headless: false, moz:platformVersion: 10.0, moz:processID: 23348, moz:profile: C:\Users\achun\AppData\Loca..., moz:shutdownTimeout: 60000, moz:webdriverClick: true, moz:windowless: false, pageLoadStrategy: normal, platformName: WINDOWS, proxy: Proxy(), se:cdp: ws://127.0.0.1:14832/devtoo..., se:cdpVersion: 85.0, setWindowRect: true, strictFileInteractability: false, timeouts: {implicit: 0, pageLoad: 300000, script: 30000}, unhandledPromptBehavior: dismiss and notify}
Session ID: b76238a6-8315-43a6-9736-2f9c45a6639a" type="org.openqa.selenium.NoSuchElementException">
      <![CDATA[org.openqa.selenium.NoSuchElementException: Unable to locate element: *[name='username']
For documentation on this error, please visit: https://selenium.dev/exceptions/#no_such_element
Build info: version: '4.9.0', revision: 'd7057100a6'
System info: os.name: 'Windows 11', os.arch: 'amd64', os.version: '10.0', java.version: '17.0.4.1'
Driver info: org.openqa.selenium.firefox.FirefoxDriver
Command: [b76238a6-8315-43a6-9736-2f9c45a6639a, findElement {using=name, value=username}]
Capabilities {acceptInsecureCerts: true, browserName: firefox, browserVersion: 117.0, moz:accessibilityChecks: false, moz:buildID: 20230824132758, moz:debuggerAddress: 127.0.0.1:14832, moz:geckodriverVersion: 0.33.0, moz:headless: false, moz:platformVersion: 10.0, moz:processID: 23348, moz:profile: C:\Users\achun\AppData\Loca..., moz:shutdownTimeout: 60000, moz:webdriverClick: true, moz:windowless: false, pageLoadStrategy: normal, platformName: WINDOWS, proxy: Proxy(), se:cdp: ws://127.0.0.1:14832/devtoo..., se:cdpVersion: 85.0, setWindowRect: true, strictFileInteractability: false, timeouts: {implicit: 0, pageLoad: 300000, script: 30000}, unhandledPromptBehavior: dismiss and notify}
Session ID: b76238a6-8315-43a6-9736-2f9c45a6639a
at java.base/jdk.internal.reflect.NativeConstructorAccessorImpl.newInstance0(Native Method)
at java.base/jdk.internal.reflect.NativeConstructorAccessorImpl.newInstance(NativeConstructorAccessorImpl.java:77)
at java.base/jdk.internal.reflect.DelegatingConstructorAccessorImpl.newInstance(DelegatingConstructorAccessorImpl.java:45)
at java.base/java.lang.reflect.Constructor.newInstanceWithCaller(Constructor.java:499)
at java.base/java.lang.reflect.Constructor.newInstance(Constructor.java:480)
at org.openqa.selenium.remote.codec.w3c.W3CHttpResponseCodec.createException(W3CHttpResponseCodec.java:200)
at org.openqa.selenium.remote.codec.w3c.W3CHttpResponseCodec.decode(W3CHttpResponseCodec.java:133)
at org.openqa.selenium.remote.codec.w3c.W3CHttpResponseCodec.decode(W3CHttpResponseCodec.java:53)
at org.openqa.selenium.remote.HttpCommandExecutor.execute(HttpCommandExecutor.java:193)
at org.openqa.selenium.remote.service.DriverCommandExecutor.invokeExecute(DriverCommandExecutor.java:183)
at org.openqa.selenium.remote.service.DriverCommandExecutor.execute(DriverCommandExecutor.java:158)
at org.openqa.selenium.remote.RemoteWebDriver.execute(RemoteWebDriver.java:543)
at org.openqa.selenium.remote.ElementLocation$ElementFinder$2.findElement(ElementLocation.java:162)
at org.openqa.selenium.remote.ElementLocation.findElement(ElementLocation.java:60)
at org.openqa.selenium.remote.RemoteWebDriver.findElement(RemoteWebDriver.java:352)
at org.openqa.selenium.remote.RemoteWebDriver.findElement(RemoteWebDriver.java:344)
at org.openqa.selenium.support.pagefactory.DefaultElementLocator.findElement(DefaultElementLocator.java:70)
at org.openqa.selenium.support.pagefactory.internal.LocatingElementHandler.invoke(LocatingElementHandler.java:39)
at jdk.proxy2/jdk.proxy2.$Proxy15.sendKeys(Unknown Source)
at reusablemethods.Base.login(Base.java:61)
at testcases.ImmigrationTest.setup(ImmigrationTest.java:45)
at java.base/jdk.internal.reflect.NativeMethodAccessorImpl.invoke0(Native Method)
at java.base/jdk.internal.reflect.NativeMethodAccessorImpl.invoke(NativeMethodAccessorImpl.java:77)
at java.base/jdk.internal.reflect.DelegatingMethodAccessorImpl.invoke(DelegatingMethodAccessorImpl.java:43)
at java.base/java.lang.reflect.Method.invoke(Method.java:568)
at org.testng.internal.MethodInvocationHelper.invokeMethod(MethodInvocationHelper.java:133)
at org.testng.internal.MethodInvocationHelper.invokeMethodConsideringTimeout(MethodInvocationHelper.java:62)
at org.testng.internal.ConfigInvoker.invokeConfigurationMethod(ConfigInvoker.java:385)
at org.testng.internal.ConfigInvoker.invokeConfigurations(ConfigInvoker.java:321)
at org.testng.TestRunner.invokeTestConfigurations(TestRunner.java:637)
at org.testng.TestRunner.beforeRun(TestRunner.java:627)
at org.testng.TestRunner.run(TestRunner.java:589)
at org.testng.SuiteRunner.runTest(SuiteRunner.java:377)
at org.testng.SuiteRunner.runSequentially(SuiteRunner.java:371)
at org.testng.SuiteRunner.privateRun(SuiteRunner.java:332)
at org.testng.SuiteRunner.run(SuiteRunner.java:276)
at org.testng.SuiteRunnerWorker.runSuite(SuiteRunnerWorker.java:53)
at org.testng.SuiteRunnerWorker.run(SuiteRunnerWorker.java:96)
at org.testng.TestNG.runSuitesSequentially(TestNG.java:1212)
at org.testng.TestNG.runSuitesLocally(TestNG.java:1134)
at org.testng.TestNG.runSuites(TestNG.java:1063)
at org.testng.TestNG.run(TestNG.java:1031)
at org.testng.remote.AbstractRemoteTestNG.run(AbstractRemoteTestNG.java:115)
at org.testng.remote.RemoteTestNG.initAndRun(RemoteTestNG.java:251)
at org.testng.remote.RemoteTestNG.main(RemoteTestNG.java:77)
]]>
    </error>
  </testcase> <!-- setup -->
  <system-out>
    <![CDATA[=====Browser Session Started=====
=====Application Started=====]]>
  </system-out>
  <testcase classname="testcases.ImmigrationTest" name="addImmigrationDetailsWithPassport" time="0.000">
    <skipped/>
  </testcase> <!-- addImmigrationDetailsWithPassport -->
  <system-out/>
  <testcase classname="testcases.ImmigrationTest" name="addImmigrationDetailsWithVisa" time="0.000">
    <skipped/>
  </testcase> <!-- addImmigrationDetailsWithVisa -->
  <system-out/>
  <testcase classname="testcases.ImmigrationTest" name="addImmigrationDetailsWithoutPassportOrVisaNumber" time="0.000">
    <skipped/>
  </testcase> <!-- addImmigrationDetailsWithoutPassportOrVisaNumber -->
  <system-out/>
  <testcase classname="testcases.ImmigrationTest" name="addImmigrationDetailsWhenExpiryDateLessthanIssueDate" time="0.000">
    <skipped/>
  </testcase> <!-- addImmigrationDetailsWhenExpiryDateLessthanIssueDate -->
  <system-out/>
  <testcase classname="testcases.ImmigrationTest" name="clickOnAddButtonWhileCreatingImmigrationDetails" time="0.000">
    <skipped/>
  </testcase> <!-- clickOnAddButtonWhileCreatingImmigrationDetails -->
  <system-out/>
  <testcase classname="testcases.ImmigrationTest" name="addMultipleImmigrationDetails" time="0.000">
    <skipped/>
  </testcase> <!-- addMultipleImmigrationDetails -->
  <system-out/>
  <testcase classname="testcases.ImmigrationTest" name="editExistingImmigrationDetails" time="0.000">
    <skipped/>
  </testcase> <!-- editExistingImmigrationDetails -->
  <system-out/>
  <testcase classname="testcases.ImmigrationTest" name="deleteImmigrationRecordWithDeleteIcon" time="0.000">
    <skipped/>
  </testcase> <!-- deleteImmigrationRecordWithDeleteIcon -->
  <system-out/>
  <testcase classname="testcases.ImmigrationTest" name="deleteImmigrationRecordUsingCheckbox" time="0.000">
    <skipped/>
  </testcase> <!-- deleteImmigrationRecordUsingCheckbox -->
  <system-out/>
  <testcase classname="testcases.ImmigrationTest" name="addAttachmentUnderImmigration" time="0.000">
    <skipped/>
  </testcase> <!-- addAttachmentUnderImmigration -->
  <system-out/>
  <testcase classname="testcases.ImmigrationTest" name="replaceExistingAttachmentUnderImmigration" time="0.000">
    <skipped/>
  </testcase> <!-- replaceExistingAttachmentUnderImmigration -->
  <system-out/>
  <testcase classname="testcases.ImmigrationTest" name="deleteExistingAttachmentUnderImmigrationUsingDeleteIcon" time="0.000">
    <skipped/>
  </testcase> <!-- deleteExistingAttachmentUnderImmigrationUsingDeleteIcon -->
  <system-out/>
  <testcase classname="testcases.ImmigrationTest" name="deleteExistingAttachmentUnderImmigrationByCheckbox" time="0.000">
    <skipped/>
  </testcase> <!-- deleteExistingAttachmentUnderImmigrationByCheckbox -->
  <system-out/>
  <testcase classname="testcases.ImmigrationTest" name="downloadExistingAttachmentUnderImmigrationRecord" time="0.000">
    <skipped/>
  </testcase> <!-- downloadExistingAttachmentUnderImmigrationRecord -->
  <system-out/>
</testsuite> <!-- testcases.ImmigrationTest -->
