<?xml version="1.0" encoding="UTF-8"?>
<!-- Generated by org.testng.reporters.JUnitXMLReporter -->
<testsuite ignored="0" hostname="LAPTOP-5SF9L84S" failures="0" tests="36" name="Test" time="26.409" errors="0" timestamp="2023-09-08T18:34:52 IST">
  <testcase classname="testcases.ImmigrationTest" name="@BeforeTest setup" time="12.362">
    <failure type="org.openqa.selenium.NoSuchElementException" message="Unable to locate element: *[name=&amp;apos;username&amp;apos;]
For documentation on this error, please visit: https://selenium.dev/exceptions/#no_such_element
Build info: version: &amp;apos;4.9.0&amp;apos;, revision: &amp;apos;d7057100a6&amp;apos;
System info: os.name: &amp;apos;Windows 11&amp;apos;, os.arch: &amp;apos;amd64&amp;apos;, os.version: &amp;apos;10.0&amp;apos;, java.version: &amp;apos;17.0.4.1&amp;apos;
Driver info: org.openqa.selenium.firefox.FirefoxDriver
Command: [b58aebea-0f8a-49f2-b646-80a31805d2d6, findElement {using=name, value=username}]
Capabilities {acceptInsecureCerts: true, browserName: firefox, browserVersion: 117.0, moz:accessibilityChecks: false, moz:buildID: 20230824132758, moz:debuggerAddress: 127.0.0.1:30195, moz:geckodriverVersion: 0.33.0, moz:headless: false, moz:platformVersion: 10.0, moz:processID: 36320, moz:profile: C:\Users\achun\AppData\Loca..., moz:shutdownTimeout: 60000, moz:webdriverClick: true, moz:windowless: false, pageLoadStrategy: normal, platformName: WINDOWS, proxy: Proxy(), se:cdp: ws://127.0.0.1:30195/devtoo..., se:cdpVersion: 85.0, setWindowRect: true, strictFileInteractability: false, timeouts: {implicit: 0, pageLoad: 300000, script: 30000}, unhandledPromptBehavior: dismiss and notify}
Session ID: b58aebea-0f8a-49f2-b646-80a31805d2d6">
      <![CDATA[org.openqa.selenium.NoSuchElementException: Unable to locate element: *[name='username']
For documentation on this error, please visit: https://selenium.dev/exceptions/#no_such_element
Build info: version: '4.9.0', revision: 'd7057100a6'
System info: os.name: 'Windows 11', os.arch: 'amd64', os.version: '10.0', java.version: '17.0.4.1'
Driver info: org.openqa.selenium.firefox.FirefoxDriver
Command: [b58aebea-0f8a-49f2-b646-80a31805d2d6, findElement {using=name, value=username}]
Capabilities {acceptInsecureCerts: true, browserName: firefox, browserVersion: 117.0, moz:accessibilityChecks: false, moz:buildID: 20230824132758, moz:debuggerAddress: 127.0.0.1:30195, moz:geckodriverVersion: 0.33.0, moz:headless: false, moz:platformVersion: 10.0, moz:processID: 36320, moz:profile: C:\Users\achun\AppData\Loca..., moz:shutdownTimeout: 60000, moz:webdriverClick: true, moz:windowless: false, pageLoadStrategy: normal, platformName: WINDOWS, proxy: Proxy(), se:cdp: ws://127.0.0.1:30195/devtoo..., se:cdpVersion: 85.0, setWindowRect: true, strictFileInteractability: false, timeouts: {implicit: 0, pageLoad: 300000, script: 30000}, unhandledPromptBehavior: dismiss and notify}
Session ID: b58aebea-0f8a-49f2-b646-80a31805d2d6
at org.openqa.selenium.remote.codec.w3c.W3CHttpResponseCodec.createException(W3CHttpResponseCodec.java:200)
at org.openqa.selenium.remote.codec.w3c.W3CHttpResponseCodec.decode(W3CHttpResponseCodec.java:133)
at org.openqa.selenium.remote.codec.w3c.W3CHttpResponseCodec.decode(W3CHttpResponseCodec.java:53)
at org.openqa.selenium.remote.HttpCommandExecutor.execute(HttpCommandExecutor.java:193)
at org.openqa.selenium.remote.service.DriverCommandExecutor.invokeExecute(DriverCommandExecutor.java:183)
at org.openqa.selenium.remote.service.DriverCommandExecutor.execute(DriverCommandExecutor.java:158)
at org.openqa.selenium.remote.RemoteWebDriver.execute(RemoteWebDriver.java:543)
at org.openqa.selenium.remote.ElementLocation$ElementFinder$2.findElement(ElementLocation.java:162)
at org.openqa.selenium.remote.ElementLocation.findElement(ElementLocation.java:60)
at org.openqa.selenium.remote.RemoteWebDriver.findElement(RemoteWebDriver.java:352)
at org.openqa.selenium.remote.RemoteWebDriver.findElement(RemoteWebDriver.java:344)
at org.openqa.selenium.support.pagefactory.DefaultElementLocator.findElement(DefaultElementLocator.java:70)
at org.openqa.selenium.support.pagefactory.internal.LocatingElementHandler.invoke(LocatingElementHandler.java:39)
at jdk.proxy2/jdk.proxy2.$Proxy15.sendKeys(Unknown Source)
at reusablemethods.Base.login(Base.java:61)
at testcases.ImmigrationTest.setup(ImmigrationTest.java:45)
... Removed 29 stack frames]]>
    </failure>
  </testcase> <!-- @BeforeTest setup -->
  <testcase classname="testcases.JobTest" name="@BeforeTest setup" time="-1.694178291845E9">
    <skipped/>
  </testcase> <!-- @BeforeTest setup -->
  <testcase classname="testcases.LoginTest" name="@BeforeTest setup" time="-1.694178291845E9">
    <skipped/>
  </testcase> <!-- @BeforeTest setup -->
  <testcase classname="testcases.AddEmployeeTest" name="@AfterTest teardown" time="-1.694178292082E9">
    <skipped/>
  </testcase> <!-- @AfterTest teardown -->
  <testcase classname="testcases.ImmigrationTest" name="@AfterTest teardown" time="-1.694178292082E9">
    <skipped/>
  </testcase> <!-- @AfterTest teardown -->
  <testcase classname="testcases.JobTest" name="@AfterTest teardown" time="-1.694178292082E9">
    <skipped/>
  </testcase> <!-- @AfterTest teardown -->
  <testcase classname="testcases.LoginTest" name="@AfterTest teardown" time="-1.694178292098E9">
    <skipped/>
  </testcase> <!-- @AfterTest teardown -->
  <testcase classname="testcases.JobTest" name="changeJobDetails" time="0.0">
    <skipped/>
  </testcase> <!-- changeJobDetails -->
  <testcase classname="testcases.AddEmployeeTest" name="addNewEmployee" time="0.0">
    <skipped/>
  </testcase> <!-- addNewEmployee -->
  <testcase classname="testcases.LoginTest" name="loginWithValidUsernameAndValidPassword" time="0.0">
    <skipped/>
  </testcase> <!-- loginWithValidUsernameAndValidPassword -->
  <testcase classname="testcases.ImmigrationTest" name="addImmigrationDetailsWithPassport" time="0.0">
    <skipped/>
  </testcase> <!-- addImmigrationDetailsWithPassport -->
  <testcase classname="testcases.AddEmployeeTest" name="createEmployeeWithBlankFirstnameAndLastName" time="0.0">
    <skipped/>
  </testcase> <!-- createEmployeeWithBlankFirstnameAndLastName -->
  <testcase classname="testcases.LoginTest" name="loginWithValidUsernameAndInvalidPassword" time="0.0">
    <skipped/>
  </testcase> <!-- loginWithValidUsernameAndInvalidPassword -->
  <testcase classname="testcases.JobTest" name="addEmploymentContractDetailsUnderJob" time="0.0">
    <skipped/>
  </testcase> <!-- addEmploymentContractDetailsUnderJob -->
  <testcase classname="testcases.AddEmployeeTest" name="addEmployeeAndCreateLoginDetails" time="0.0">
    <skipped/>
  </testcase> <!-- addEmployeeAndCreateLoginDetails -->
  <testcase classname="testcases.LoginTest" name="loginWithInvalidUsernameAndValidPassword" time="0.0">
    <skipped/>
  </testcase> <!-- loginWithInvalidUsernameAndValidPassword -->
  <testcase classname="testcases.ImmigrationTest" name="addImmigrationDetailsWithVisa" time="0.0">
    <skipped/>
  </testcase> <!-- addImmigrationDetailsWithVisa -->
  <testcase classname="testcases.AddEmployeeTest" name="addEmployeeAndCreateCredentialsWithInvalidData" time="0.0">
    <skipped/>
  </testcase> <!-- addEmployeeAndCreateCredentialsWithInvalidData -->
  <testcase classname="testcases.LoginTest" name="loginWithInvalidUsernameAndInvalidPassword" time="0.0">
    <skipped/>
  </testcase> <!-- loginWithInvalidUsernameAndInvalidPassword -->
  <testcase classname="testcases.JobTest" name="addEmploymentContractDetailsWhenContractStartDateGreaterThanEndDate" time="0.0">
    <skipped/>
  </testcase> <!-- addEmploymentContractDetailsWhenContractStartDateGreaterThanEndDate -->
  <testcase classname="testcases.AddEmployeeTest" name="loginWithNewLoginCredentials" time="0.0">
    <skipped/>
  </testcase> <!-- loginWithNewLoginCredentials -->
  <testcase classname="testcases.LoginTest" name="loginWithBlankUsernameAndInvalidPassword" time="0.0">
    <skipped/>
  </testcase> <!-- loginWithBlankUsernameAndInvalidPassword -->
  <testcase classname="testcases.ImmigrationTest" name="addImmigrationDetailsWithoutPassportOrVisaNumber" time="0.0">
    <skipped/>
  </testcase> <!-- addImmigrationDetailsWithoutPassportOrVisaNumber -->
  <testcase classname="testcases.LoginTest" name="loginWithValidUsernameAndBlankPassword" time="0.0">
    <skipped/>
  </testcase> <!-- loginWithValidUsernameAndBlankPassword -->
  <testcase classname="testcases.JobTest" name="replaceExistingEmploymentContractDetailsFile" time="0.0">
    <skipped/>
  </testcase> <!-- replaceExistingEmploymentContractDetailsFile -->
  <testcase classname="testcases.ImmigrationTest" name="addImmigrationDetailsWhenExpiryDateLessthanIssueDate" time="0.0">
    <skipped/>
  </testcase> <!-- addImmigrationDetailsWhenExpiryDateLessthanIssueDate -->
  <testcase classname="testcases.LoginTest" name="loginWithBlankUsernameAndBlankPassword" time="0.0">
    <skipped/>
  </testcase> <!-- loginWithBlankUsernameAndBlankPassword -->
  <testcase classname="testcases.JobTest" name="deleteExistingEmploymentContractDetailsFile" time="0.0">
    <skipped/>
  </testcase> <!-- deleteExistingEmploymentContractDetailsFile -->
  <testcase classname="testcases.ImmigrationTest" name="clickOnAddButtonWhileCreatingImmigrationDetails" time="0.0">
    <skipped/>
  </testcase> <!-- clickOnAddButtonWhileCreatingImmigrationDetails -->
  <testcase classname="testcases.JobTest" name="terminateEmployment" time="0.0">
    <skipped/>
  </testcase> <!-- terminateEmployment -->
  <testcase classname="testcases.ImmigrationTest" name="addMultipleImmigrationDetails" time="0.0">
    <skipped/>
  </testcase> <!-- addMultipleImmigrationDetails -->
  <testcase classname="testcases.JobTest" name="activateEmployment" time="0.0">
    <skipped/>
  </testcase> <!-- activateEmployment -->
  <testcase classname="testcases.ImmigrationTest" name="editExistingImmigrationDetails" time="0.0">
    <skipped/>
  </testcase> <!-- editExistingImmigrationDetails -->
  <testcase classname="testcases.JobTest" name="addAttachmentUnderJob" time="0.0">
    <skipped/>
  </testcase> <!-- addAttachmentUnderJob -->
  <testcase classname="testcases.ImmigrationTest" name="deleteImmigrationRecordWithDeleteIcon" time="0.0">
    <skipped/>
  </testcase> <!-- deleteImmigrationRecordWithDeleteIcon -->
  <testcase classname="testcases.JobTest" name="deleteExistingAttachmentUnderJobByCheckbox" time="0.0">
    <skipped/>
  </testcase> <!-- deleteExistingAttachmentUnderJobByCheckbox -->
  <testcase classname="testcases.ImmigrationTest" name="deleteImmigrationRecordUsingCheckbox" time="0.0">
    <skipped/>
  </testcase> <!-- deleteImmigrationRecordUsingCheckbox -->
  <testcase classname="testcases.JobTest" name="downloadExistingAttachmentUnderImmigrationRecord" time="0.0">
    <skipped/>
  </testcase> <!-- downloadExistingAttachmentUnderImmigrationRecord -->
  <testcase classname="testcases.ImmigrationTest" name="addAttachmentUnderImmigration" time="0.0">
    <skipped/>
  </testcase> <!-- addAttachmentUnderImmigration -->
  <testcase classname="testcases.ImmigrationTest" name="replaceExistingAttachmentUnderImmigration" time="0.0">
    <skipped/>
  </testcase> <!-- replaceExistingAttachmentUnderImmigration -->
  <testcase classname="testcases.ImmigrationTest" name="deleteExistingAttachmentUnderImmigrationUsingDeleteIcon" time="0.0">
    <skipped/>
  </testcase> <!-- deleteExistingAttachmentUnderImmigrationUsingDeleteIcon -->
  <testcase classname="testcases.ImmigrationTest" name="deleteExistingAttachmentUnderImmigrationByCheckbox" time="0.0">
    <skipped/>
  </testcase> <!-- deleteExistingAttachmentUnderImmigrationByCheckbox -->
  <testcase classname="testcases.ImmigrationTest" name="downloadExistingAttachmentUnderImmigrationRecord" time="0.0">
    <skipped/>
  </testcase> <!-- downloadExistingAttachmentUnderImmigrationRecord -->
</testsuite> <!-- Test -->
